<html xmlns:math="http://exslt.org/math" xmlns:testng="http://testng.org">
   <head>
      <title>TestNG Results</title>
      <meta http-equiv="content-type" content="text/html; charset=utf-8"></meta>
      <meta http-equiv="pragma" content="no-cache"></meta>
      <meta http-equiv="cache-control" content="max-age=0"></meta>
      <meta http-equiv="cache-control" content="no-cache"></meta>
      <meta http-equiv="cache-control" content="no-store"></meta>
      <LINK rel="stylesheet" href="style.css"></LINK>
      <script type="text/javascript" src="main.js"></script>
   </head>
   <body>
      <table width="100%" style="font-size: 16px; margin-bottom: 10px;" cellspacing="1">
         <tr>
            <td width="100%">
               All methods in suite
               
               <b>TestNG Learning</b>
            </td>
            <td style="background-color: #FFBBBB; padding: 3px 3px 3px 0;" align="center">
               <div style="width: 50px;">0</div>
            </td>
            <td style="background-color: lightgreen; padding: 3px 3px 3px 0;" align="center">
               <div style="width: 50px;">2</div>
            </td>
            <td style="background-color: #FFFFBB; padding: 3px 3px 3px 0;" align="center">
               <div style="width: 50px;">1</div>
            </td>
            <td align="center" style="background-color: #eaf0f7; padding: 3px 3px 3px 0;">
               <div style="width: 50px;">3</div>
            </td>
            <td align="center"
                style="font-weight: bold; background-color: #eaf0f7; padding: 3px 3px 3px 0;">
               <div style="width: 50px;">67%</div>
            </td>
            <td style="background-color: #eaf0f7; padding: 3px 3px 3px 0;" align="center"
                nowrap="true">3s
               
            </td>
         </tr>
      </table>
      <div style="width: 200px;">
         <label for="groupMethodsCheckBox" style="font-weight: bold; margin: 0;">
            <input id="groupMethodsCheckBox" type="checkbox" onclick="switchTestMethodsView(this)"></input>
            Group by class
            
         </label>
         <br></br>
         <label for="methodsFilter_ALL" style="font-weight: bold; margin: 0;">
            <input id="methodsFilter_ALL" type="checkbox"
                   onclick="testMethodsFilterChanged(this, 'ALL')"></input>
            All
            
         </label>
      </div>
      <label for="methodsFilter_FAIL" style="margin-left: 20px;">
         <input id="methodsFilter_FAIL" type="checkbox"
                onclick="testMethodsFilterChanged(this, 'FAIL')"
                checked=""></input>
         Failed
         
      </label>
      <label for="methodsFilter_PASS">
         <input id="methodsFilter_PASS" type="checkbox"
                onclick="testMethodsFilterChanged(this, 'PASS')"
                checked=""></input>
         Passed
         
      </label>
      <label for="methodsFilter_SKIP">
         <input id="methodsFilter_SKIP" type="checkbox"
                onclick="testMethodsFilterChanged(this, 'SKIP')"
                checked=""></input>
         Skipped
         
      </label>
      <label for="methodsFilter_CONF">
         <input id="methodsFilter_CONF" type="checkbox"
                onclick="testMethodsFilterChanged(this, 'CONF')"></input>
         Config
         
      </label>
      <br></br>
      <div id="testMethodsByStatus">
         <table class="testMethodsTable" cellpadding="0" cellspacing="0">
            <tr class="methodsTableHeader">
               <td width="100%">Name</td>
               <td nowrap="true">Started</td>
               <td nowrap="true">Duration</td>
               <td>Exception</td>
            </tr>
            <tr id="dd_testcases.LoginTest_isSkip_byStatus_passed_PASS1_row"
                class="testMethodStatusPASS testMethodStatusCONF">
               <td width="100%" class="firstMethodCell">
                  <a onclick="toggleDetailsVisibility('dd_testcases.LoginTest_isSkip_byStatus_passed_PASS1_details')">isSkip()</a>
               </td>
               <td nowrap="true">12:52:25</td>
               <td nowrap="true" align="right">47 ms
                  
               </td>
               <td nowrap="true">
                   
                  
               </td>
            </tr>
            <tr>
               <td colspan="4" class="detailsBox">
                  <div id="dd_testcases.LoginTest_isSkip_byStatus_passed_PASS1_details"
                       class="testMethodDetails">
                     <div>
                        <b>Name: </b>isSkip
                     </div>
                     <div>
                        <b>Signature: </b>isSkip()[pri:0, instance:dd_testcases.LoginTest@72967906]
                     </div>
                     <div>
                        <b>Start time: </b>12:52:25
                     </div>
                     <div>
                        <b>End time: </b>12:52:25
                     </div>
                     <div>
                        <b>Duration: </b>47 ms
                        
                     </div>
                  </div>
               </td>
            </tr>
            <tr></tr>
            <tr id="dd_testcases.LoginTest_doLogin_byStatus_passed_PASS2_row"
                class="testMethodStatusPASS">
               <td width="100%" class="firstMethodCell">
                  <a onclick="toggleDetailsVisibility('dd_testcases.LoginTest_doLogin_byStatus_passed_PASS2_details')">doLogin(seleniumcoaching@gmail.com
                     
                     ,
                     
                     selenium1234)
                  </a>
               </td>
               <td nowrap="true">12:52:25</td>
               <td nowrap="true" align="right">3s
                  
               </td>
               <td nowrap="true">
                   
                  
               </td>
            </tr>
            <tr>
               <td colspan="4" class="detailsBox">
                  <div id="dd_testcases.LoginTest_doLogin_byStatus_passed_PASS2_details"
                       class="testMethodDetails">
                     <div>
                        <b>Name: </b>doLogin
                     </div>
                     <div>
                        <b>Signature: </b>doLogin(java.lang.String, java.lang.String)[pri:0, instance:dd_testcases.LoginTest@72967906]
                     </div>
                     <div>
                        <b>Parameters: </b>
                        
                        seleniumcoaching@gmail.com
                        
                        ,
                        
                        selenium1234
                        
                        
                     </div>
                     <div>
                        <b>Start time: </b>12:52:25
                     </div>
                     <div>
                        <b>End time: </b>12:52:28
                     </div>
                     <div>
                        <b>Duration: </b>3s
                        
                     </div>
                  </div>
               </td>
            </tr>
            <tr></tr>
            <tr id="dd_testcases.FindFriendTest_setUp_byStatus_passed_PASS3_row"
                class="testMethodStatusPASS testMethodStatusCONF">
               <td width="100%" class="firstMethodCell">
                  <a onclick="toggleDetailsVisibility('dd_testcases.FindFriendTest_setUp_byStatus_passed_PASS3_details')">setUp()</a>
               </td>
               <td nowrap="true">12:51:54</td>
               <td nowrap="true" align="right">31s
                  
               </td>
               <td nowrap="true">
                   
                  
               </td>
            </tr>
            <tr>
               <td colspan="4" class="detailsBox">
                  <div id="dd_testcases.FindFriendTest_setUp_byStatus_passed_PASS3_details"
                       class="testMethodDetails">
                     <div>
                        <b>Name: </b>setUp
                     </div>
                     <div>
                        <b>Signature: </b>setUp()[pri:0, instance:dd_testcases.FindFriendTest@4d5d943d]
                     </div>
                     <div>
                        <b>Start time: </b>12:51:54
                     </div>
                     <div>
                        <b>End time: </b>12:52:25
                     </div>
                     <div>
                        <b>Duration: </b>31s
                        
                     </div>
                  </div>
               </td>
            </tr>
            <tr></tr>
            <tr id="dd_testcases.FindFriendTest_isSkip_byStatus_passed_PASS4_row"
                class="testMethodStatusPASS testMethodStatusCONF">
               <td width="100%" class="firstMethodCell">
                  <a onclick="toggleDetailsVisibility('dd_testcases.FindFriendTest_isSkip_byStatus_passed_PASS4_details')">isSkip()</a>
               </td>
               <td nowrap="true">12:52:28</td>
               <td nowrap="true" align="right">0 ms
                  
               </td>
               <td nowrap="true">
                   
                  
               </td>
            </tr>
            <tr>
               <td colspan="4" class="detailsBox">
                  <div id="dd_testcases.FindFriendTest_isSkip_byStatus_passed_PASS4_details"
                       class="testMethodDetails">
                     <div>
                        <b>Name: </b>isSkip
                     </div>
                     <div>
                        <b>Signature: </b>isSkip()[pri:0, instance:dd_testcases.FindFriendTest@4d5d943d]
                     </div>
                     <div>
                        <b>Start time: </b>12:52:28
                     </div>
                     <div>
                        <b>End time: </b>12:52:28
                     </div>
                     <div>
                        <b>Duration: </b>0 ms
                        
                     </div>
                  </div>
               </td>
            </tr>
            <tr></tr>
            <tr id="dd_testcases.FindFriendTest_editProfileTest_byStatus_passed_PASS5_row"
                class="testMethodStatusPASS">
               <td width="100%" class="firstMethodCell">
                  <a onclick="toggleDetailsVisibility('dd_testcases.FindFriendTest_editProfileTest_byStatus_passed_PASS5_details')">editProfileTest(Rahul)</a>
               </td>
               <td nowrap="true">12:52:28</td>
               <td nowrap="true" align="right">0 ms
                  
               </td>
               <td nowrap="true">
                   
                  
               </td>
            </tr>
            <tr>
               <td colspan="4" class="detailsBox">
                  <div id="dd_testcases.FindFriendTest_editProfileTest_byStatus_passed_PASS5_details"
                       class="testMethodDetails">
                     <div>
                        <b>Name: </b>editProfileTest
                     </div>
                     <div>
                        <b>Signature: </b>editProfileTest(java.lang.String)[pri:0, instance:dd_testcases.FindFriendTest@4d5d943d]
                     </div>
                     <div>
                        <b>Parameters: </b>
                        
                        Rahul
                        
                        
                     </div>
                     <div>
                        <b>Start time: </b>12:52:28
                     </div>
                     <div>
                        <b>End time: </b>12:52:28
                     </div>
                     <div>
                        <b>Duration: </b>0 ms
                        
                     </div>
                  </div>
               </td>
            </tr>
            <tr></tr>
            <tr id="dd_testcases.FindFriendTest_tearDown_byStatus_passed_PASS6_row"
                class="testMethodStatusPASS testMethodStatusCONF">
               <td width="100%" class="firstMethodCell">
                  <a onclick="toggleDetailsVisibility('dd_testcases.FindFriendTest_tearDown_byStatus_passed_PASS6_details')">tearDown()</a>
               </td>
               <td nowrap="true">12:52:28</td>
               <td nowrap="true" align="right">0 ms
                  
               </td>
               <td nowrap="true">
                   
                  
               </td>
            </tr>
            <tr>
               <td colspan="4" class="detailsBox">
                  <div id="dd_testcases.FindFriendTest_tearDown_byStatus_passed_PASS6_details"
                       class="testMethodDetails">
                     <div>
                        <b>Name: </b>tearDown
                     </div>
                     <div>
                        <b>Signature: </b>tearDown()[pri:0, instance:dd_testcases.FindFriendTest@4d5d943d]
                     </div>
                     <div>
                        <b>Start time: </b>12:52:28
                     </div>
                     <div>
                        <b>End time: </b>12:52:28
                     </div>
                     <div>
                        <b>Duration: </b>0 ms
                        
                     </div>
                  </div>
               </td>
            </tr>
            <tr></tr>
            <tr id="dd_testcases.EditProfileTest_isSkip_byStatus_skiped_SKIP1_row"
                class="testMethodStatusSKIP testMethodStatusCONF">
               <td width="100%" class="firstMethodCell">
                  <a onclick="toggleDetailsVisibility('dd_testcases.EditProfileTest_isSkip_byStatus_skiped_SKIP1_details')">isSkip()</a>
               </td>
               <td nowrap="true">12:52:28</td>
               <td nowrap="true" align="right">0 ms
                  
               </td>
               <td nowrap="true">
                  <a onclick="toggleDetailsVisibility('dd_testcases.EditProfileTest_isSkip_byStatus_skiped_SKIP1_exception')">org.testng.SkipException: 
                     Skipping the test as the Runmode is No
                     
                  </a>
                   
                  
               </td>
            </tr>
            <tr>
               <td colspan="4" class="detailsBox">
                  <div id="dd_testcases.EditProfileTest_isSkip_byStatus_skiped_SKIP1_details"
                       class="testMethodDetails">
                     <div>
                        <b>Name: </b>isSkip
                     </div>
                     <div>
                        <b>Signature: </b>isSkip()[pri:0, instance:dd_testcases.EditProfileTest@2a4fb17b]
                     </div>
                     <div>
                        <b>Start time: </b>12:52:28
                     </div>
                     <div>
                        <b>End time: </b>12:52:28
                     </div>
                     <div>
                        <b>Duration: </b>0 ms
                        
                     </div>
                  </div>
               </td>
            </tr>
            <tr>
               <td colspan="4" class="detailsBox">
                  <div id="dd_testcases.EditProfileTest_isSkip_byStatus_skiped_SKIP1_exception"
                       class="testMethodDetails">
                     <pre style="padding: 5px; margin: 0;">org.testng.SkipException: Skipping the test as the Runmode is No
                        	at dd_testcases.EditProfileTest.isSkip(EditProfileTest.java:20)
                        	at sun.reflect.NativeMethodAccessorImpl.invoke0(Native Method)
                        	at sun.reflect.NativeMethodAccessorImpl.invoke(Unknown Source)
                        	at sun.reflect.DelegatingMethodAccessorImpl.invoke(Unknown Source)
                        	at java.lang.reflect.Method.invoke(Unknown Source)
                        	at org.testng.internal.MethodInvocationHelper.invokeMethod(MethodInvocationHelper.java:84)
                        	at org.testng.internal.Invoker.invokeConfigurationMethod(Invoker.java:564)
                        	at org.testng.internal.Invoker.invokeConfigurations(Invoker.java:213)
                        	at org.testng.internal.Invoker.invokeConfigurations(Invoker.java:138)
                        	at org.testng.TestRunner.beforeRun(TestRunner.java:641)
                        	at org.testng.TestRunner.run(TestRunner.java:609)
                        	at org.testng.SuiteRunner.runTest(SuiteRunner.java:334)
                        	at org.testng.SuiteRunner.runSequentially(SuiteRunner.java:329)
                        	at org.testng.SuiteRunner.privateRun(SuiteRunner.java:291)
                        	at org.testng.SuiteRunner.run(SuiteRunner.java:240)
                        	at org.testng.SuiteRunnerWorker.runSuite(SuiteRunnerWorker.java:52)
                        	at org.testng.SuiteRunnerWorker.run(SuiteRunnerWorker.java:86)
                        	at org.testng.TestNG.runSuitesSequentially(TestNG.java:1224)
                        	at org.testng.TestNG.runSuitesLocally(TestNG.java:1149)
                        	at org.testng.TestNG.run(TestNG.java:1057)
                        	at org.testng.TestNG.privateMain(TestNG.java:1364)
                        	at org.testng.TestNG.main(TestNG.java:1333)
                     </pre>
                  </div>
               </td>
            </tr>
            <tr id="dd_testcases.EditProfileTest_editProfileTest_byStatus_skiped_SKIP2_row"
                class="testMethodStatusSKIP">
               <td width="100%" class="firstMethodCell">
                  <a onclick="toggleDetailsVisibility('dd_testcases.EditProfileTest_editProfileTest_byStatus_skiped_SKIP2_details')">editProfileTest(raman)</a>
               </td>
               <td nowrap="true">12:52:28</td>
               <td nowrap="true" align="right">0 ms
                  
               </td>
               <td nowrap="true">
                   
                  
               </td>
            </tr>
            <tr>
               <td colspan="4" class="detailsBox">
                  <div id="dd_testcases.EditProfileTest_editProfileTest_byStatus_skiped_SKIP2_details"
                       class="testMethodDetails">
                     <div>
                        <b>Name: </b>editProfileTest
                     </div>
                     <div>
                        <b>Signature: </b>editProfileTest(java.lang.String)[pri:0, instance:dd_testcases.EditProfileTest@2a4fb17b]
                     </div>
                     <div>
                        <b>Parameters: </b>
                        
                        raman
                        
                        
                     </div>
                     <div>
                        <b>Start time: </b>12:52:28
                     </div>
                     <div>
                        <b>End time: </b>12:52:28
                     </div>
                     <div>
                        <b>Duration: </b>0 ms
                        
                     </div>
                  </div>
               </td>
            </tr>
            <tr></tr>
         </table>
      </div>
      <div id="testMethodsByClass" style="display: none;">
         <table class="testMethodsTable" cellpadding="0" cellspacing="0">
            <tr>
               <td colspan="4">
                  <h3 style="display: inline;">dd_testcases.EditProfileTest</h3>
               </td>
            </tr>
            <tr class="methodsTableHeader">
               <td width="100%">Name</td>
               <td nowrap="true">Started</td>
               <td nowrap="true">Duration</td>
               <td>Exception</td>
            </tr>
            <tr id="dd_testcases.EditProfileTest_isSkip_byClass_SKIP1_row"
                class="testMethodStatusSKIP testMethodStatusCONF">
               <td width="100%" class="firstMethodCell">
                  <a onclick="toggleDetailsVisibility('dd_testcases.EditProfileTest_isSkip_byClass_SKIP1_details')">isSkip()</a>
               </td>
               <td nowrap="true">12:52:28</td>
               <td nowrap="true" align="right">0 ms
                  
               </td>
               <td nowrap="true">
                  <a onclick="toggleDetailsVisibility('dd_testcases.EditProfileTest_isSkip_byClass_SKIP1_exception')">org.testng.SkipException: 
                     Skipping the test as the Runmode is No
                     
                  </a>
                   
                  
               </td>
            </tr>
            <tr>
               <td colspan="4" class="detailsBox">
                  <div id="dd_testcases.EditProfileTest_isSkip_byClass_SKIP1_details"
                       class="testMethodDetails">
                     <div>
                        <b>Name: </b>isSkip
                     </div>
                     <div>
                        <b>Signature: </b>isSkip()[pri:0, instance:dd_testcases.EditProfileTest@2a4fb17b]
                     </div>
                     <div>
                        <b>Start time: </b>12:52:28
                     </div>
                     <div>
                        <b>End time: </b>12:52:28
                     </div>
                     <div>
                        <b>Duration: </b>0 ms
                        
                     </div>
                  </div>
               </td>
            </tr>
            <tr>
               <td colspan="4" class="detailsBox">
                  <div id="dd_testcases.EditProfileTest_isSkip_byClass_SKIP1_exception"
                       class="testMethodDetails">
                     <pre style="padding: 5px; margin: 0;">org.testng.SkipException: Skipping the test as the Runmode is No
                        	at dd_testcases.EditProfileTest.isSkip(EditProfileTest.java:20)
                        	at sun.reflect.NativeMethodAccessorImpl.invoke0(Native Method)
                        	at sun.reflect.NativeMethodAccessorImpl.invoke(Unknown Source)
                        	at sun.reflect.DelegatingMethodAccessorImpl.invoke(Unknown Source)
                        	at java.lang.reflect.Method.invoke(Unknown Source)
                        	at org.testng.internal.MethodInvocationHelper.invokeMethod(MethodInvocationHelper.java:84)
                        	at org.testng.internal.Invoker.invokeConfigurationMethod(Invoker.java:564)
                        	at org.testng.internal.Invoker.invokeConfigurations(Invoker.java:213)
                        	at org.testng.internal.Invoker.invokeConfigurations(Invoker.java:138)
                        	at org.testng.TestRunner.beforeRun(TestRunner.java:641)
                        	at org.testng.TestRunner.run(TestRunner.java:609)
                        	at org.testng.SuiteRunner.runTest(SuiteRunner.java:334)
                        	at org.testng.SuiteRunner.runSequentially(SuiteRunner.java:329)
                        	at org.testng.SuiteRunner.privateRun(SuiteRunner.java:291)
                        	at org.testng.SuiteRunner.run(SuiteRunner.java:240)
                        	at org.testng.SuiteRunnerWorker.runSuite(SuiteRunnerWorker.java:52)
                        	at org.testng.SuiteRunnerWorker.run(SuiteRunnerWorker.java:86)
                        	at org.testng.TestNG.runSuitesSequentially(TestNG.java:1224)
                        	at org.testng.TestNG.runSuitesLocally(TestNG.java:1149)
                        	at org.testng.TestNG.run(TestNG.java:1057)
                        	at org.testng.TestNG.privateMain(TestNG.java:1364)
                        	at org.testng.TestNG.main(TestNG.java:1333)
                     </pre>
                  </div>
               </td>
            </tr>
            <tr id="dd_testcases.EditProfileTest_editProfileTest_byClass_SKIP2_row"
                class="testMethodStatusSKIP">
               <td width="100%" class="firstMethodCell">
                  <a onclick="toggleDetailsVisibility('dd_testcases.EditProfileTest_editProfileTest_byClass_SKIP2_details')">editProfileTest(raman)</a>
               </td>
               <td nowrap="true">12:52:28</td>
               <td nowrap="true" align="right">0 ms
                  
               </td>
               <td nowrap="true">
                   
                  
               </td>
            </tr>
            <tr>
               <td colspan="4" class="detailsBox">
                  <div id="dd_testcases.EditProfileTest_editProfileTest_byClass_SKIP2_details"
                       class="testMethodDetails">
                     <div>
                        <b>Name: </b>editProfileTest
                     </div>
                     <div>
                        <b>Signature: </b>editProfileTest(java.lang.String)[pri:0, instance:dd_testcases.EditProfileTest@2a4fb17b]
                     </div>
                     <div>
                        <b>Parameters: </b>
                        
                        raman
                        
                        
                     </div>
                     <div>
                        <b>Start time: </b>12:52:28
                     </div>
                     <div>
                        <b>End time: </b>12:52:28
                     </div>
                     <div>
                        <b>Duration: </b>0 ms
                        
                     </div>
                  </div>
               </td>
            </tr>
            <tr></tr>
         </table>
         <br></br>
         <table class="testMethodsTable" cellpadding="0" cellspacing="0">
            <tr>
               <td colspan="4">
                  <h3 style="display: inline;">dd_testcases.FindFriendTest</h3>
               </td>
            </tr>
            <tr class="methodsTableHeader">
               <td width="100%">Name</td>
               <td nowrap="true">Started</td>
               <td nowrap="true">Duration</td>
               <td>Exception</td>
            </tr>
            <tr id="dd_testcases.FindFriendTest_setUp_byClass_PASS1_row"
                class="testMethodStatusPASS testMethodStatusCONF">
               <td width="100%" class="firstMethodCell">
                  <a onclick="toggleDetailsVisibility('dd_testcases.FindFriendTest_setUp_byClass_PASS1_details')">setUp()</a>
               </td>
               <td nowrap="true">12:51:54</td>
               <td nowrap="true" align="right">31s
                  
               </td>
               <td nowrap="true">
                   
                  
               </td>
            </tr>
            <tr>
               <td colspan="4" class="detailsBox">
                  <div id="dd_testcases.FindFriendTest_setUp_byClass_PASS1_details"
                       class="testMethodDetails">
                     <div>
                        <b>Name: </b>setUp
                     </div>
                     <div>
                        <b>Signature: </b>setUp()[pri:0, instance:dd_testcases.FindFriendTest@4d5d943d]
                     </div>
                     <div>
                        <b>Start time: </b>12:51:54
                     </div>
                     <div>
                        <b>End time: </b>12:52:25
                     </div>
                     <div>
                        <b>Duration: </b>31s
                        
                     </div>
                  </div>
               </td>
            </tr>
            <tr></tr>
            <tr id="dd_testcases.FindFriendTest_isSkip_byClass_PASS2_row"
                class="testMethodStatusPASS testMethodStatusCONF">
               <td width="100%" class="firstMethodCell">
                  <a onclick="toggleDetailsVisibility('dd_testcases.FindFriendTest_isSkip_byClass_PASS2_details')">isSkip()</a>
               </td>
               <td nowrap="true">12:52:28</td>
               <td nowrap="true" align="right">0 ms
                  
               </td>
               <td nowrap="true">
                   
                  
               </td>
            </tr>
            <tr>
               <td colspan="4" class="detailsBox">
                  <div id="dd_testcases.FindFriendTest_isSkip_byClass_PASS2_details"
                       class="testMethodDetails">
                     <div>
                        <b>Name: </b>isSkip
                     </div>
                     <div>
                        <b>Signature: </b>isSkip()[pri:0, instance:dd_testcases.FindFriendTest@4d5d943d]
                     </div>
                     <div>
                        <b>Start time: </b>12:52:28
                     </div>
                     <div>
                        <b>End time: </b>12:52:28
                     </div>
                     <div>
                        <b>Duration: </b>0 ms
                        
                     </div>
                  </div>
               </td>
            </tr>
            <tr></tr>
            <tr id="dd_testcases.FindFriendTest_editProfileTest_byClass_PASS3_row"
                class="testMethodStatusPASS">
               <td width="100%" class="firstMethodCell">
                  <a onclick="toggleDetailsVisibility('dd_testcases.FindFriendTest_editProfileTest_byClass_PASS3_details')">editProfileTest(Rahul)</a>
               </td>
               <td nowrap="true">12:52:28</td>
               <td nowrap="true" align="right">0 ms
                  
               </td>
               <td nowrap="true">
                   
                  
               </td>
            </tr>
            <tr>
               <td colspan="4" class="detailsBox">
                  <div id="dd_testcases.FindFriendTest_editProfileTest_byClass_PASS3_details"
                       class="testMethodDetails">
                     <div>
                        <b>Name: </b>editProfileTest
                     </div>
                     <div>
                        <b>Signature: </b>editProfileTest(java.lang.String)[pri:0, instance:dd_testcases.FindFriendTest@4d5d943d]
                     </div>
                     <div>
                        <b>Parameters: </b>
                        
                        Rahul
                        
                        
                     </div>
                     <div>
                        <b>Start time: </b>12:52:28
                     </div>
                     <div>
                        <b>End time: </b>12:52:28
                     </div>
                     <div>
                        <b>Duration: </b>0 ms
                        
                     </div>
                  </div>
               </td>
            </tr>
            <tr></tr>
            <tr id="dd_testcases.FindFriendTest_tearDown_byClass_PASS4_row"
                class="testMethodStatusPASS testMethodStatusCONF">
               <td width="100%" class="firstMethodCell">
                  <a onclick="toggleDetailsVisibility('dd_testcases.FindFriendTest_tearDown_byClass_PASS4_details')">tearDown()</a>
               </td>
               <td nowrap="true">12:52:28</td>
               <td nowrap="true" align="right">0 ms
                  
               </td>
               <td nowrap="true">
                   
                  
               </td>
            </tr>
            <tr>
               <td colspan="4" class="detailsBox">
                  <div id="dd_testcases.FindFriendTest_tearDown_byClass_PASS4_details"
                       class="testMethodDetails">
                     <div>
                        <b>Name: </b>tearDown
                     </div>
                     <div>
                        <b>Signature: </b>tearDown()[pri:0, instance:dd_testcases.FindFriendTest@4d5d943d]
                     </div>
                     <div>
                        <b>Start time: </b>12:52:28
                     </div>
                     <div>
                        <b>End time: </b>12:52:28
                     </div>
                     <div>
                        <b>Duration: </b>0 ms
                        
                     </div>
                  </div>
               </td>
            </tr>
            <tr></tr>
         </table>
         <br></br>
         <table class="testMethodsTable" cellpadding="0" cellspacing="0">
            <tr>
               <td colspan="4">
                  <h3 style="display: inline;">dd_testcases.LoginTest</h3>
               </td>
            </tr>
            <tr class="methodsTableHeader">
               <td width="100%">Name</td>
               <td nowrap="true">Started</td>
               <td nowrap="true">Duration</td>
               <td>Exception</td>
            </tr>
            <tr id="dd_testcases.LoginTest_isSkip_byClass_PASS1_row"
                class="testMethodStatusPASS testMethodStatusCONF">
               <td width="100%" class="firstMethodCell">
                  <a onclick="toggleDetailsVisibility('dd_testcases.LoginTest_isSkip_byClass_PASS1_details')">isSkip()</a>
               </td>
               <td nowrap="true">12:52:25</td>
               <td nowrap="true" align="right">47 ms
                  
               </td>
               <td nowrap="true">
                   
                  
               </td>
            </tr>
            <tr>
               <td colspan="4" class="detailsBox">
                  <div id="dd_testcases.LoginTest_isSkip_byClass_PASS1_details"
                       class="testMethodDetails">
                     <div>
                        <b>Name: </b>isSkip
                     </div>
                     <div>
                        <b>Signature: </b>isSkip()[pri:0, instance:dd_testcases.LoginTest@72967906]
                     </div>
                     <div>
                        <b>Start time: </b>12:52:25
                     </div>
                     <div>
                        <b>End time: </b>12:52:25
                     </div>
                     <div>
                        <b>Duration: </b>47 ms
                        
                     </div>
                  </div>
               </td>
            </tr>
            <tr></tr>
            <tr id="dd_testcases.LoginTest_doLogin_byClass_PASS2_row"
                class="testMethodStatusPASS">
               <td width="100%" class="firstMethodCell">
                  <a onclick="toggleDetailsVisibility('dd_testcases.LoginTest_doLogin_byClass_PASS2_details')">doLogin(seleniumcoaching@gmail.com
                     
                     ,
                     
                     selenium1234)
                  </a>
               </td>
               <td nowrap="true">12:52:25</td>
               <td nowrap="true" align="right">3s
                  
               </td>
               <td nowrap="true">
                   
                  
               </td>
            </tr>
            <tr>
               <td colspan="4" class="detailsBox">
                  <div id="dd_testcases.LoginTest_doLogin_byClass_PASS2_details"
                       class="testMethodDetails">
                     <div>
                        <b>Name: </b>doLogin
                     </div>
                     <div>
                        <b>Signature: </b>doLogin(java.lang.String, java.lang.String)[pri:0, instance:dd_testcases.LoginTest@72967906]
                     </div>
                     <div>
                        <b>Parameters: </b>
                        
                        seleniumcoaching@gmail.com
                        
                        ,
                        
                        selenium1234
                        
                        
                     </div>
                     <div>
                        <b>Start time: </b>12:52:25
                     </div>
                     <div>
                        <b>End time: </b>12:52:28
                     </div>
                     <div>
                        <b>Duration: </b>3s
                        
                     </div>
                  </div>
               </td>
            </tr>
            <tr></tr>
         </table>
         <br></br>
      </div>
      <div style="margin-top: 15px; color: gray; text-align: center; font-size: 9px;">
         Generated with
         
         <a href="http://code.google.com/p/testng-xslt/" style="color: #8888aa;"
            target="_blank">
            TestNG XSLT
            
         </a>
      </div>
   </body>
</html>